POST 200 95 - 4.911 ms 10/9/2024, 11:20:15 am HTTP/1.1 /add-user
POST 200 89 - 4.348 ms 10/9/2024, 11:20:25 am HTTP/1.1 /add-user
POST 200 89 - 4.028 ms 10/9/2024, 11:20:33 am HTTP/1.1 /add-user
POST 200 90 - 4.638 ms 10/9/2024, 11:20:56 am HTTP/1.1 /add-user
GET 200 202 - 2.525 ms 10/9/2024, 11:23:03 am HTTP/1.1 /get-users
PUT 404 147 - 1.491 ms 10/9/2024, 11:32:07 am HTTP/1.1 /update/4
PUT 404 147 - 0.456 ms 10/9/2024, 11:32:20 am HTTP/1.1 /update/4
PUT 404 147 - 1.011 ms 10/9/2024, 11:32:57 am HTTP/1.1 /update/4
PUT 404 147 - 1.727 ms 10/9/2024, 11:32:59 am HTTP/1.1 /update/4
PUT 501 47 - 12.013 ms 10/9/2024, 11:34:26 am HTTP/1.1 /user/4
PUT 201 35 - 3.799 ms 10/9/2024, 11:34:58 am HTTP/1.1 /user/4
PUT 201 98 - 5.220 ms 10/9/2024, 11:36:23 am HTTP/1.1 /user/4
PUT 201 103 - 5.026 ms 10/9/2024, 11:36:50 am HTTP/1.1 /user/2
GET 200 226 - 2.419 ms 10/9/2024, 11:37:04 am HTTP/1.1 /get-users
POST 200 95 - 1.694 ms 10/9/2024, 11:37:35 am HTTP/1.1 /add-user
DELETE 404 148 - 3.686 ms 10/9/2024, 11:42:16 am HTTP/1.1 /user/5
DELETE 404 148 - 1.071 ms 10/9/2024, 11:43:08 am HTTP/1.1 /user/5
DELETE 404 148 - 1.073 ms 10/9/2024, 11:44:33 am HTTP/1.1 /user/5
DELETE 404 148 - 1.085 ms 10/9/2024, 11:51:49 am HTTP/1.1 /user/5
DELETE 201 259 - 10.674 ms 10/9/2024, 11:52:00 am HTTP/1.1 /users/5
GET 200 226 - 2.542 ms 10/9/2024, 11:52:41 am HTTP/1.1 /get-users
GET 200 226 - 3.761 ms 10/9/2024, 11:53:02 am HTTP/1.1 /get-users
GET 404 147 - 1.625 ms 10/9/2024, 11:53:17 am HTTP/1.1 /add-user
GET 404 147 - 0.938 ms 10/9/2024, 11:53:37 am HTTP/1.1 /update/2
GET 200 29 - 19.366 ms 12/9/2024, 11:53:58 am HTTP/1.1 /
GET 200 29 - 1.110 ms 12/9/2024, 11:54:29 am HTTP/1.1 /
GET 200 29 - 2.471 ms 12/9/2024, 11:55:22 am HTTP/1.1 /
